{"content": {"suites": {"0": {"status": {"total_pass": 2, "total_skip": 0, "total_xpass": 0, "total_xfail": 0, "total_rerun": 0, "total_fail": 1, "total_error": 0}, "tests": {"0": {"status": "FAIL", "message": "   selenium.common.exceptions.ElementClickInterceptedException: Message: element click intercepted: Element <button disabled=\"\" type=\"submit\" class=\"btn btn-primary w-100 mt-4\">...</button> is not clickable at point (765, 606). Other element would receive the click: <iframe title=\"reCAPTCHA sorusunun s\u00fcresi iki dakika sonra dolacak\" name=\"c-ge8psnjuf8av\" frameborder=\"0\" scrolling=\"no\" sandbox=\"allow-forms allow-popups allow-same-origin allow-scripts allow-top-navigation allow-modals allow-popups-to-escape-sandbox allow-storage-access-by-user-activation\" src=\"https://www.google.com/recaptcha/api2/bframe?hl=tr&amp;v=rKbTvxTxwcw5VqzrtN-ICwWt&amp;k=6LdXItghAAAAANPUfYw81TI55i6vggSCUVNIawnM\" style=\"width: 400px; height: 611px;\"></iframe>\n     (Session info: chrome=126.0.6478.126)\n   Stacktrace:\n   \tGetHandleVerifier [0x00007FF671F7EEA2+31554]\n   \t(No symbol) [0x00007FF671EF7ED9]\n   \t(No symbol) [0x00007FF671DB872A]\n   \t(No symbol) [0x00007FF671E1012E]\n   \t(No symbol) [0x00007FF671E0DAF2]\n   \t(No symbol) [0x00007FF671E0AF8B]\n   \t(No symbol) [0x00007FF671E0A156]\n   \t(No symbol) [0x00007FF671DFC151]\n   \t(No symbol) [0x00007FF671E2D02A]\n   \t(No symbol) [0x00007FF671DFBA76]\n   \t(No symbol) [0x00007FF671E2D240]\n   \t(No symbol) [0x00007FF671E4C977]\n   \t(No symbol) [0x00007FF671E2CDD3]\n   \t(No symbol) [0x00007FF671DFA33B]\n   \t(No symbol) [0x00007FF671DFAED1]\n   \tGetHandleVerifier [0x00007FF672288B1D+3217341]\n   \tGetHandleVerifier [0x00007FF6722D5AE3+3532675]\n   \tGetHandleVerifier [0x00007FF6722CB0E0+3489152]\n   \tGetHandleVerifier [0x00007FF67202E776+750614]\n   \t(No symbol) [0x00007FF671F0375F]\n   \t(No symbol) [0x00007FF671EFEB14]\n   \t(No symbol) [0x00007FF671EFECA2]\n   \t(No symbol) [0x00007FF671EEE16F]\n   \tBaseThreadInitThunk [0x00007FF9802F257D+29]\n   \tRtlUserThreadStart [0x00007FF9817CAF28+40]\n", "test_name": "test_training_panel", "rerun": "0"}, "1": {"status": "PASS", "message": "", "test_name": "test_contect_control", "rerun": "0"}, "2": {"status": "PASS", "message": "", "test_name": "test_search_education", "rerun": "0"}}, "suite_name": "test_ S07.py"}, "1": {"suite_name": "test_S01.py", "tests": {"0": {"status": "FAIL", "message": "   TypeError: Test_tobeto_login.login() missing 2 required positional arguments: 'email' and 'password'\n", "test_name": "test_login", "rerun": "0"}, "1": {"status": "PASS", "message": "", "test_name": "test_mistake", "rerun": "0"}}, "status": {"total_pass": 1, "total_skip": 0, "total_xpass": 0, "total_xfail": 0, "total_rerun": 0, "total_fail": 1, "total_error": 0}}, "2": {"suite_name": "test_S03.py", "tests": {"0": {"status": "PASS", "message": "", "test_name": "test_forgot_password", "rerun": "0"}, "1": {"status": "PASS", "message": "", "test_name": "test_incorrect_email_request", "rerun": "0"}}, "status": {"total_pass": 2, "total_skip": 0, "total_xpass": 0, "total_xfail": 0, "total_rerun": 0, "total_fail": 0, "total_error": 0}}, "3": {"suite_name": "test_S05.py", "tests": {"0": {"status": "PASS", "message": "", "test_name": "test_viewingAllEducations", "rerun": "0"}, "1": {"status": "PASS", "message": "", "test_name": "test_educationSearchFilter", "rerun": "0"}, "2": {"status": "PASS", "message": "", "test_name": "test_instructorSearchFilter", "rerun": "0"}, "3": {"status": "PASS", "message": "", "test_name": "test_instructorandEducationSearchFilters", "rerun": "0"}, "4": {"status": "PASS", "message": "", "test_name": "test_ControlofDateGuidanceButtons", "rerun": "0"}, "5": {"status": "PASS", "message": "", "test_name": "test_closeCalendarPopup", "rerun": "0"}}, "status": {"total_pass": 6, "total_skip": 0, "total_xpass": 0, "total_xfail": 0, "total_rerun": 0, "total_fail": 0, "total_error": 0}}, "4": {"suite_name": "test_S06.py", "tests": {"0": {"status": "PASS", "message": "", "test_name": "test_panel_control", "rerun": "0"}, "1": {"status": "PASS", "message": "", "test_name": "test_personalspace_control", "rerun": "0"}, "2": {"status": "PASS", "message": "", "test_name": "test_personalspace_control2", "rerun": "0"}}, "status": {"total_pass": 3, "total_skip": 0, "total_xpass": 0, "total_xfail": 0, "total_rerun": 0, "total_fail": 0, "total_error": 0}}, "5": {"suite_name": "test_S08.py", "tests": {"0": {"status": "PASS", "message": "", "test_name": "test8_ac1", "rerun": "0"}, "1": {"status": "PASS", "message": "", "test_name": "test8_ac2", "rerun": "0"}}, "status": {"total_pass": 2, "total_skip": 0, "total_xpass": 0, "total_xfail": 0, "total_rerun": 0, "total_fail": 0, "total_error": 0}}, "6": {"suite_name": "test_S15_S16.py", "tests": {"0": {"status": "PASS", "message": "", "test_name": "test_S15", "rerun": "0"}, "1": {"status": "PASS", "message": "", "test_name": "test_S16_C2", "rerun": "0"}}, "status": {"total_pass": 2, "total_skip": 0, "total_xpass": 0, "total_xfail": 0, "total_rerun": 0, "total_fail": 0, "total_error": 0}}, "7": {"suite_name": "test_S9_S10.py", "tests": {"0": {"status": "FAIL", "message": "   selenium.common.exceptions.ElementClickInterceptedException: Message: element click intercepted: Element <button disabled=\"\" type=\"submit\" class=\"btn btn-primary w-100 mt-4\">...</button> is not clickable at point (765, 606). Other element would receive the click: <iframe title=\"reCAPTCHA sorusunun s\u00fcresi iki dakika sonra dolacak\" name=\"c-64404ejm2zir\" frameborder=\"0\" scrolling=\"no\" sandbox=\"allow-forms allow-popups allow-same-origin allow-scripts allow-top-navigation allow-modals allow-popups-to-escape-sandbox allow-storage-access-by-user-activation\" src=\"https://www.google.com/recaptcha/api2/bframe?hl=tr&amp;v=rKbTvxTxwcw5VqzrtN-ICwWt&amp;k=6LdXItghAAAAANPUfYw81TI55i6vggSCUVNIawnM\" style=\"width: 400px; height: 580px;\"></iframe>\n     (Session info: chrome=126.0.6478.126)\n   Stacktrace:\n   \tGetHandleVerifier [0x00007FF671F7EEA2+31554]\n   \t(No symbol) [0x00007FF671EF7ED9]\n   \t(No symbol) [0x00007FF671DB872A]\n   \t(No symbol) [0x00007FF671E1012E]\n   \t(No symbol) [0x00007FF671E0DAF2]\n   \t(No symbol) [0x00007FF671E0AF8B]\n   \t(No symbol) [0x00007FF671E0A156]\n   \t(No symbol) [0x00007FF671DFC151]\n   \t(No symbol) [0x00007FF671E2D02A]\n   \t(No symbol) [0x00007FF671DFBA76]\n   \t(No symbol) [0x00007FF671E2D240]\n   \t(No symbol) [0x00007FF671E4C977]\n   \t(No symbol) [0x00007FF671E2CDD3]\n   \t(No symbol) [0x00007FF671DFA33B]\n   \t(No symbol) [0x00007FF671DFAED1]\n   \tGetHandleVerifier [0x00007FF672288B1D+3217341]\n   \tGetHandleVerifier [0x00007FF6722D5AE3+3532675]\n   \tGetHandleVerifier [0x00007FF6722CB0E0+3489152]\n   \tGetHandleVerifier [0x00007FF67202E776+750614]\n   \t(No symbol) [0x00007FF671F0375F]\n   \t(No symbol) [0x00007FF671EFEB14]\n   \t(No symbol) [0x00007FF671EFECA2]\n   \t(No symbol) [0x00007FF671EEE16F]\n   \tBaseThreadInitThunk [0x00007FF9802F257D+29]\n   \tRtlUserThreadStart [0x00007FF9817CAF28+40]\n", "test_name": "test_S9_C1_C2", "rerun": "0"}, "1": {"status": "PASS", "message": "", "test_name": "test_S9_C3", "rerun": "0"}, "2": {"status": "PASS", "message": "", "test_name": "test_S9_C4", "rerun": "0"}, "3": {"status": "PASS", "message": "", "test_name": "test_S9_C5_C6", "rerun": "0"}, "4": {"status": "FAIL", "message": "   selenium.common.exceptions.ElementClickInterceptedException: Message: element click intercepted: Element <button disabled=\"\" type=\"submit\" class=\"btn btn-primary w-100 mt-4\">...</button> is not clickable at point (765, 606). Other element would receive the click: <iframe title=\"reCAPTCHA sorusunun s\u00fcresi iki dakika sonra dolacak\" name=\"c-xqz2frazlnqi\" frameborder=\"0\" scrolling=\"no\" sandbox=\"allow-forms allow-popups allow-same-origin allow-scripts allow-top-navigation allow-modals allow-popups-to-escape-sandbox allow-storage-access-by-user-activation\" src=\"https://www.google.com/recaptcha/api2/bframe?hl=tr&amp;v=rKbTvxTxwcw5VqzrtN-ICwWt&amp;k=6LdXItghAAAAANPUfYw81TI55i6vggSCUVNIawnM\" style=\"width: 400px; height: 580px;\"></iframe>\n     (Session info: chrome=126.0.6478.126)\n   Stacktrace:\n   \tGetHandleVerifier [0x00007FF671F7EEA2+31554]\n   \t(No symbol) [0x00007FF671EF7ED9]\n   \t(No symbol) [0x00007FF671DB872A]\n   \t(No symbol) [0x00007FF671E1012E]\n   \t(No symbol) [0x00007FF671E0DAF2]\n   \t(No symbol) [0x00007FF671E0AF8B]\n   \t(No symbol) [0x00007FF671E0A156]\n   \t(No symbol) [0x00007FF671DFC151]\n   \t(No symbol) [0x00007FF671E2D02A]\n   \t(No symbol) [0x00007FF671DFBA76]\n   \t(No symbol) [0x00007FF671E2D240]\n   \t(No symbol) [0x00007FF671E4C977]\n   \t(No symbol) [0x00007FF671E2CDD3]\n   \t(No symbol) [0x00007FF671DFA33B]\n   \t(No symbol) [0x00007FF671DFAED1]\n   \tGetHandleVerifier [0x00007FF672288B1D+3217341]\n   \tGetHandleVerifier [0x00007FF6722D5AE3+3532675]\n   \tGetHandleVerifier [0x00007FF6722CB0E0+3489152]\n   \tGetHandleVerifier [0x00007FF67202E776+750614]\n   \t(No symbol) [0x00007FF671F0375F]\n   \t(No symbol) [0x00007FF671EFEB14]\n   \t(No symbol) [0x00007FF671EFECA2]\n   \t(No symbol) [0x00007FF671EEE16F]\n   \tBaseThreadInitThunk [0x00007FF9802F257D+29]\n   \tRtlUserThreadStart [0x00007FF9817CAF28+40]\n", "test_name": "test_S10_C1_C2", "rerun": "0"}, "5": {"status": "PASS", "message": "", "test_name": "test_S10_C3", "rerun": "0"}}, "status": {"total_pass": 4, "total_skip": 0, "total_xpass": 0, "total_xfail": 0, "total_rerun": 0, "total_fail": 2, "total_error": 0}}}}, "date": "July 04, 2024", "start_time": 1720108011.8480897, "total_suite": 8, "status": "FAIL", "status_list": {"pass": "22", "fail": "4", "skip": "0", "error": "0", "xpass": "0", "xfail": "0", "rerun": "0"}, "total_tests": "26"}