{"content": {"suites": {"0": {"status": {"total_pass": 1, "total_skip": 0, "total_xpass": 0, "total_xfail": 0, "total_rerun": 0, "total_fail": 2, "total_error": 0}, "tests": {"0": {"status": "PASS", "message": "", "test_name": "test_training_panel", "rerun": "0"}, "1": {"status": "FAIL", "message": "   selenium.common.exceptions.ElementClickInterceptedException: Message: element click intercepted: Element <button disabled=\"\" type=\"submit\" class=\"btn btn-primary w-100 mt-4\">...</button> is not clickable at point (765, 606). Other element would receive the click: <form action=\"#\" data-hs-cf-bound=\"true\" data-gtm-form-interact-id=\"0\">...</form>\n     (Session info: chrome=126.0.6478.126)\n   Stacktrace:\n   \tGetHandleVerifier [0x00007FF71AEFEEA2+31554]\n   \t(No symbol) [0x00007FF71AE77ED9]\n   \t(No symbol) [0x00007FF71AD3872A]\n   \t(No symbol) [0x00007FF71AD9012E]\n   \t(No symbol) [0x00007FF71AD8DAF2]\n   \t(No symbol) [0x00007FF71AD8AF8B]\n   \t(No symbol) [0x00007FF71AD8A156]\n   \t(No symbol) [0x00007FF71AD7C151]\n   \t(No symbol) [0x00007FF71ADAD02A]\n   \t(No symbol) [0x00007FF71AD7BA76]\n   \t(No symbol) [0x00007FF71ADAD240]\n   \t(No symbol) [0x00007FF71ADCC977]\n   \t(No symbol) [0x00007FF71ADACDD3]\n   \t(No symbol) [0x00007FF71AD7A33B]\n   \t(No symbol) [0x00007FF71AD7AED1]\n   \tGetHandleVerifier [0x00007FF71B208B1D+3217341]\n   \tGetHandleVerifier [0x00007FF71B255AE3+3532675]\n   \tGetHandleVerifier [0x00007FF71B24B0E0+3489152]\n   \tGetHandleVerifier [0x00007FF71AFAE776+750614]\n   \t(No symbol) [0x00007FF71AE8375F]\n   \t(No symbol) [0x00007FF71AE7EB14]\n   \t(No symbol) [0x00007FF71AE7ECA2]\n   \t(No symbol) [0x00007FF71AE6E16F]\n   \tBaseThreadInitThunk [0x00007FF80515257D+29]\n   \tRtlUserThreadStart [0x00007FF805B6AF28+40]\n", "test_name": "test_contect_control", "rerun": "0"}, "2": {"status": "FAIL", "message": "   selenium.common.exceptions.TimeoutException: Message: \n   Stacktrace:\n   \tGetHandleVerifier [0x00007FF71AEFEEA2+31554]\n   \t(No symbol) [0x00007FF71AE77ED9]\n   \t(No symbol) [0x00007FF71AD3872A]\n   \t(No symbol) [0x00007FF71AD88434]\n   \t(No symbol) [0x00007FF71AD8853C]\n   \t(No symbol) [0x00007FF71ADCF6A7]\n   \t(No symbol) [0x00007FF71ADAD06F]\n   \t(No symbol) [0x00007FF71ADCC977]\n   \t(No symbol) [0x00007FF71ADACDD3]\n   \t(No symbol) [0x00007FF71AD7A33B]\n   \t(No symbol) [0x00007FF71AD7AED1]\n   \tGetHandleVerifier [0x00007FF71B208B1D+3217341]\n   \tGetHandleVerifier [0x00007FF71B255AE3+3532675]\n   \tGetHandleVerifier [0x00007FF71B24B0E0+3489152]\n   \tGetHandleVerifier [0x00007FF71AFAE776+750614]\n   \t(No symbol) [0x00007FF71AE8375F]\n   \t(No symbol) [0x00007FF71AE7EB14]\n   \t(No symbol) [0x00007FF71AE7ECA2]\n   \t(No symbol) [0x00007FF71AE6E16F]\n   \tBaseThreadInitThunk [0x00007FF80515257D+29]\n   \tRtlUserThreadStart [0x00007FF805B6AF28+40]\n", "test_name": "test_search_education", "rerun": "0"}}, "suite_name": "test_ S07.py"}}}, "date": "July 04, 2024", "start_time": 1720094227.1701698, "total_suite": 1, "status": "FAIL", "status_list": {"pass": "1", "fail": "2", "skip": "0", "error": "0", "xpass": "0", "xfail": "0", "rerun": "0"}, "total_tests": "3"}